22/07/15 [14:21:06] Beginning scan of C:\Users\Stagiaire\workspace\ExerciceSpyDir\test1
22/07/15 [14:21:06] test1 : File found : C:\Users\Stagiaire\workspace\ExerciceSpyDir\test1\test.txt
22/07/15 [14:21:06] Beginning scan of C:\Users\Stagiaire\workspace\ExerciceSpyDir\test2
22/07/15 [14:21:06] test1 : Directory found : C:\Users\Stagiaire\workspace\ExerciceSpyDir\test1\test1.1
22/07/15 [14:21:06] test1 : File found : C:\Users\Stagiaire\workspace\ExerciceSpyDir\test1\test2.txt
22/07/15 [14:21:06] test1 : File found : C:\Users\Stagiaire\workspace\ExerciceSpyDir\test1\test3.txt
22/07/15 [14:21:06] test1 : File found : C:\Users\Stagiaire\workspace\ExerciceSpyDir\test1\test4.txt
22/07/15 [14:21:06] test1 : File found : C:\Users\Stagiaire\workspace\ExerciceSpyDir\test1\test5.txt
22/07/15 [14:21:06] test1 : File found : C:\Users\Stagiaire\workspace\ExerciceSpyDir\test1\test6.txt
22/07/15 [14:21:17] test1 : File removed : C:\Users\Stagiaire\workspace\ExerciceSpyDir\test1\test.txt
22/07/15 [14:21:17] test1 : File removed : C:\Users\Stagiaire\workspace\ExerciceSpyDir\test1\test1.1
22/07/15 [14:21:17] test1 : File removed : C:\Users\Stagiaire\workspace\ExerciceSpyDir\test1\test2.txt
22/07/15 [14:21:17] test1 : File removed : C:\Users\Stagiaire\workspace\ExerciceSpyDir\test1\test3.txt
22/07/15 [14:21:17] test1 : File removed : C:\Users\Stagiaire\workspace\ExerciceSpyDir\test1\test4.txt
22/07/15 [14:21:17] test1 : File removed : C:\Users\Stagiaire\workspace\ExerciceSpyDir\test1\test5.txt
22/07/15 [14:21:17] test1 : File removed : C:\Users\Stagiaire\workspace\ExerciceSpyDir\test1\test6.txt
22/07/15 [14:21:17] test2 : File added : C:\Users\Stagiaire\workspace\ExerciceSpyDir\test2\test.txt
22/07/15 [14:21:17] test2 : Directory added : C:\Users\Stagiaire\workspace\ExerciceSpyDir\test2\test1.1
22/07/15 [14:21:17] test2 : File added : C:\Users\Stagiaire\workspace\ExerciceSpyDir\test2\test2.txt
22/07/15 [14:21:17] test2 : File added : C:\Users\Stagiaire\workspace\ExerciceSpyDir\test2\test3.txt
22/07/15 [14:21:17] test2 : File added : C:\Users\Stagiaire\workspace\ExerciceSpyDir\test2\test4.txt
22/07/15 [14:21:17] test2 : File added : C:\Users\Stagiaire\workspace\ExerciceSpyDir\test2\test5.txt
22/07/15 [14:21:17] test2 : File added : C:\Users\Stagiaire\workspace\ExerciceSpyDir\test2\test6.txt
